<?xml version="1.0" encoding="UTF-8"?>
<testng-results skipped="0" failed="0" total="10" passed="10">
  <reporter-output>
  </reporter-output>
  <suite name="Suite" duration-ms="94795" started-at="2021-09-29T18:31:51Z" finished-at="2021-09-29T18:33:26Z">
    <groups>
      <group name="cucumber">
        <method signature="AbstractTestNGCucumberTests.runScenario(io.cucumber.testng.PickleWrapper, io.cucumber.testng.FeatureWrapper)[pri:0, instance:com.urbanladder.runner.runner@3d51f06e]" name="runScenario" class="io.cucumber.testng.AbstractTestNGCucumberTests"/>
      </group> <!-- cucumber -->
    </groups>
    <test name="Test" duration-ms="94795" started-at="2021-09-29T18:31:51Z" finished-at="2021-09-29T18:33:26Z">
      <class name="com.urbanladder.runner.runner">
        <test-method status="PASS" signature="setUpClass()[pri:0, instance:com.urbanladder.runner.runner@3d51f06e]" name="setUpClass" is-config="true" duration-ms="466" started-at="2021-09-30T00:01:51Z" finished-at="2021-09-30T00:01:51Z">
          <reporter-output>
          </reporter-output>
        </test-method> <!-- setUpClass -->
        <test-method status="PASS" signature="runScenario(io.cucumber.testng.PickleWrapper, io.cucumber.testng.FeatureWrapper)[pri:0, instance:com.urbanladder.runner.runner@3d51f06e]" name="runScenario" duration-ms="21114" started-at="2021-09-30T00:01:51Z" description="Runs Cucumber Scenarios" data-provider="scenarios" finished-at="2021-09-30T00:02:12Z">
          <params>
            <param index="0">
              <value>
                <![CDATA["Home page default login"]]>
              </value>
            </param>
            <param index="1">
              <value>
                <![CDATA["Optional[Urban Ladder]"]]>
              </value>
            </param>
          </params>
          <reporter-output>
          </reporter-output>
        </test-method> <!-- runScenario -->
        <test-method status="PASS" signature="runScenario(io.cucumber.testng.PickleWrapper, io.cucumber.testng.FeatureWrapper)[pri:0, instance:com.urbanladder.runner.runner@3d51f06e]" name="runScenario" duration-ms="5292" started-at="2021-09-30T00:02:12Z" description="Runs Cucumber Scenarios" data-provider="scenarios" finished-at="2021-09-30T00:02:18Z">
          <params>
            <param index="0">
              <value>
                <![CDATA["searching"]]>
              </value>
            </param>
            <param index="1">
              <value>
                <![CDATA["Optional[Urban Ladder]"]]>
              </value>
            </param>
          </params>
          <reporter-output>
          </reporter-output>
        </test-method> <!-- runScenario -->
        <test-method status="PASS" signature="runScenario(io.cucumber.testng.PickleWrapper, io.cucumber.testng.FeatureWrapper)[pri:0, instance:com.urbanladder.runner.runner@3d51f06e]" name="runScenario" duration-ms="9871" started-at="2021-09-30T00:02:18Z" description="Runs Cucumber Scenarios" data-provider="scenarios" finished-at="2021-09-30T00:02:28Z">
          <params>
            <param index="0">
              <value>
                <![CDATA["sale"]]>
              </value>
            </param>
            <param index="1">
              <value>
                <![CDATA["Optional[Urban Ladder]"]]>
              </value>
            </param>
          </params>
          <reporter-output>
          </reporter-output>
        </test-method> <!-- runScenario -->
        <test-method status="PASS" signature="runScenario(io.cucumber.testng.PickleWrapper, io.cucumber.testng.FeatureWrapper)[pri:0, instance:com.urbanladder.runner.runner@3d51f06e]" name="runScenario" duration-ms="9522" started-at="2021-09-30T00:02:28Z" description="Runs Cucumber Scenarios" data-provider="scenarios" finished-at="2021-09-30T00:02:37Z">
          <params>
            <param index="0">
              <value>
                <![CDATA["living"]]>
              </value>
            </param>
            <param index="1">
              <value>
                <![CDATA["Optional[Urban Ladder]"]]>
              </value>
            </param>
          </params>
          <reporter-output>
          </reporter-output>
        </test-method> <!-- runScenario -->
        <test-method status="PASS" signature="runScenario(io.cucumber.testng.PickleWrapper, io.cucumber.testng.FeatureWrapper)[pri:0, instance:com.urbanladder.runner.runner@3d51f06e]" name="runScenario" duration-ms="9134" started-at="2021-09-30T00:02:37Z" description="Runs Cucumber Scenarios" data-provider="scenarios" finished-at="2021-09-30T00:02:46Z">
          <params>
            <param index="0">
              <value>
                <![CDATA["bedroom"]]>
              </value>
            </param>
            <param index="1">
              <value>
                <![CDATA["Optional[Urban Ladder]"]]>
              </value>
            </param>
          </params>
          <reporter-output>
          </reporter-output>
        </test-method> <!-- runScenario -->
        <test-method status="PASS" signature="runScenario(io.cucumber.testng.PickleWrapper, io.cucumber.testng.FeatureWrapper)[pri:0, instance:com.urbanladder.runner.runner@3d51f06e]" name="runScenario" duration-ms="9549" started-at="2021-09-30T00:02:46Z" description="Runs Cucumber Scenarios" data-provider="scenarios" finished-at="2021-09-30T00:02:56Z">
          <params>
            <param index="0">
              <value>
                <![CDATA["storage"]]>
              </value>
            </param>
            <param index="1">
              <value>
                <![CDATA["Optional[Urban Ladder]"]]>
              </value>
            </param>
          </params>
          <reporter-output>
          </reporter-output>
        </test-method> <!-- runScenario -->
        <test-method status="PASS" signature="runScenario(io.cucumber.testng.PickleWrapper, io.cucumber.testng.FeatureWrapper)[pri:0, instance:com.urbanladder.runner.runner@3d51f06e]" name="runScenario" duration-ms="8641" started-at="2021-09-30T00:02:56Z" description="Runs Cucumber Scenarios" data-provider="scenarios" finished-at="2021-09-30T00:03:05Z">
          <params>
            <param index="0">
              <value>
                <![CDATA["study"]]>
              </value>
            </param>
            <param index="1">
              <value>
                <![CDATA["Optional[Urban Ladder]"]]>
              </value>
            </param>
          </params>
          <reporter-output>
          </reporter-output>
        </test-method> <!-- runScenario -->
        <test-method status="PASS" signature="runScenario(io.cucumber.testng.PickleWrapper, io.cucumber.testng.FeatureWrapper)[pri:0, instance:com.urbanladder.runner.runner@3d51f06e]" name="runScenario" duration-ms="8624" started-at="2021-09-30T00:03:05Z" description="Runs Cucumber Scenarios" data-provider="scenarios" finished-at="2021-09-30T00:03:13Z">
          <params>
            <param index="0">
              <value>
                <![CDATA["kids room"]]>
              </value>
            </param>
            <param index="1">
              <value>
                <![CDATA["Optional[Urban Ladder]"]]>
              </value>
            </param>
          </params>
          <reporter-output>
          </reporter-output>
        </test-method> <!-- runScenario -->
        <test-method status="PASS" signature="runScenario(io.cucumber.testng.PickleWrapper, io.cucumber.testng.FeatureWrapper)[pri:0, instance:com.urbanladder.runner.runner@3d51f06e]" name="runScenario" duration-ms="9945" started-at="2021-09-30T00:03:13Z" description="Runs Cucumber Scenarios" data-provider="scenarios" finished-at="2021-09-30T00:03:23Z">
          <params>
            <param index="0">
              <value>
                <![CDATA["gift cards"]]>
              </value>
            </param>
            <param index="1">
              <value>
                <![CDATA["Optional[Urban Ladder]"]]>
              </value>
            </param>
          </params>
          <reporter-output>
          </reporter-output>
        </test-method> <!-- runScenario -->
        <test-method status="PASS" signature="runScenario(io.cucumber.testng.PickleWrapper, io.cucumber.testng.FeatureWrapper)[pri:0, instance:com.urbanladder.runner.runner@3d51f06e]" name="runScenario" duration-ms="2503" started-at="2021-09-30T00:03:23Z" description="Runs Cucumber Scenarios" data-provider="scenarios" finished-at="2021-09-30T00:03:26Z">
          <params>
            <param index="0">
              <value>
                <![CDATA["bulk orders"]]>
              </value>
            </param>
            <param index="1">
              <value>
                <![CDATA["Optional[Urban Ladder]"]]>
              </value>
            </param>
          </params>
          <reporter-output>
          </reporter-output>
        </test-method> <!-- runScenario -->
        <test-method status="PASS" signature="tearDownClass()[pri:0, instance:com.urbanladder.runner.runner@3d51f06e]" name="tearDownClass" is-config="true" duration-ms="85" started-at="2021-09-30T00:03:26Z" finished-at="2021-09-30T00:03:26Z">
          <reporter-output>
          </reporter-output>
        </test-method> <!-- tearDownClass -->
      </class> <!-- com.urbanladder.runner.runner -->
    </test> <!-- Test -->
  </suite> <!-- Suite -->
</testng-results>
